104.10.31 19:49 B C:\JRun\servers\default\default-app\ToMar2004\tmRunes\.classpath --> www.tomargames.com /usr44/home/mbaldys/public_html/tmRunes .classpath
104.10.31 19:49 B C:\JRun\servers\default\default-app\ToMar2004\tmRunes\.project --> www.tomargames.com /usr44/home/mbaldys/public_html/tmRunes .project
104.10.31 19:49 B C:\JRun\servers\default\default-app\ToMar2004\tmRunes\Cell.class --> www.tomargames.com /usr44/home/mbaldys/public_html/tmRunes Cell.class
104.10.31 19:49 B C:\JRun\servers\default\default-app\ToMar2004\tmRunes\Cell.java --> www.tomargames.com /usr44/home/mbaldys/public_html/tmRunes Cell.java
104.10.31 19:49 B C:\JRun\servers\default\default-app\ToMar2004\tmRunes\codebase.dat --> www.tomargames.com /usr44/home/mbaldys/public_html/tmRunes codebase.dat
104.10.31 19:49 B C:\JRun\servers\default\default-app\ToMar2004\tmRunes\Rune.class --> www.tomargames.com /usr44/home/mbaldys/public_html/tmRunes Rune.class
104.10.31 19:49 B C:\JRun\servers\default\default-app\ToMar2004\tmRunes\Rune.java --> www.tomargames.com /usr44/home/mbaldys/public_html/tmRunes Rune.java
104.10.31 19:49 B C:\JRun\servers\default\default-app\ToMar2004\tmRunes\Runes.class --> www.tomargames.com /usr44/home/mbaldys/public_html/tmRunes Runes.class
104.10.31 19:49 B C:\JRun\servers\default\default-app\ToMar2004\tmRunes\runes.html --> www.tomargames.com /usr44/home/mbaldys/public_html/tmRunes runes.html
104.10.31 19:49 B C:\JRun\servers\default\default-app\ToMar2004\tmRunes\runes.html.bak --> www.tomargames.com /usr44/home/mbaldys/public_html/tmRunes runes.html.bak
104.10.31 19:49 B C:\JRun\servers\default\default-app\ToMar2004\tmRunes\Runes.java --> www.tomargames.com /usr44/home/mbaldys/public_html/tmRunes Runes.java
104.10.31 19:49 B C:\JRun\servers\default\default-app\ToMar2004\tmRunes\runes.jsp --> www.tomargames.com /usr44/home/mbaldys/public_html/tmRunes runes.jsp
104.10.31 19:49 B C:\JRun\servers\default\default-app\ToMar2004\tmRunes\runes.jsp.bak --> www.tomargames.com /usr44/home/mbaldys/public_html/tmRunes runes.jsp.bak
104.10.31 19:49 B C:\JRun\servers\default\default-app\ToMar2004\tmRunes\runesFrame.html --> www.tomargames.com /usr44/home/mbaldys/public_html/tmRunes runesFrame.html
104.10.31 19:49 B C:\JRun\servers\default\default-app\ToMar2004\tmRunes\runesFrame.html.bak --> www.tomargames.com /usr44/home/mbaldys/public_html/tmRunes runesFrame.html.bak
104.10.31 19:49 B C:\JRun\servers\default\default-app\ToMar2004\tmRunes\runesHelp.html --> www.tomargames.com /usr44/home/mbaldys/public_html/tmRunes runesHelp.html
104.10.31 19:49 B C:\JRun\servers\default\default-app\ToMar2004\tmRunes\tmRunes.vjp --> www.tomargames.com /usr44/home/mbaldys/public_html/tmRunes tmRunes.vjp
104.10.31 19:49 B C:\JRun\servers\default\default-app\ToMar2004\tmRunes\ToMarUtils.class --> www.tomargames.com /usr44/home/mbaldys/public_html/tmRunes ToMarUtils.class
104.10.31 19:49 B C:\JRun\servers\default\default-app\ToMar2004\tmRunes\ToMarUtils.java --> www.tomargames.com /usr44/home/mbaldys/public_html/tmRunes ToMarUtils.java
104.10.31 19:49 B C:\JRun\servers\default\default-app\ToMar2004\tmRunes\WasteCan.class --> www.tomargames.com /usr44/home/mbaldys/public_html/tmRunes WasteCan.class
104.10.31 19:49 B C:\JRun\servers\default\default-app\ToMar2004\tmRunes\WasteCan.java --> www.tomargames.com /usr44/home/mbaldys/public_html/tmRunes WasteCan.java
104.12.04 22:39 B C:\JRun\servers\default\default-app\ToMar2004\tmRunes\.classpath --> www.tomargames.com /usr44/home/mbaldys/public_html/tmRunes .classpath
104.12.04 22:39 B C:\JRun\servers\default\default-app\ToMar2004\tmRunes\.project --> www.tomargames.com /usr44/home/mbaldys/public_html/tmRunes .project
104.12.04 22:39 B C:\JRun\servers\default\default-app\ToMar2004\tmRunes\Cell.class --> www.tomargames.com /usr44/home/mbaldys/public_html/tmRunes Cell.class
104.12.04 22:39 B C:\JRun\servers\default\default-app\ToMar2004\tmRunes\Cell.java --> www.tomargames.com /usr44/home/mbaldys/public_html/tmRunes Cell.java
104.12.04 22:39 B C:\JRun\servers\default\default-app\ToMar2004\tmRunes\codebase.dat --> www.tomargames.com /usr44/home/mbaldys/public_html/tmRunes codebase.dat
104.12.04 22:39 B C:\JRun\servers\default\default-app\ToMar2004\tmRunes\Rune.class --> www.tomargames.com /usr44/home/mbaldys/public_html/tmRunes Rune.class
104.12.04 22:39 B C:\JRun\servers\default\default-app\ToMar2004\tmRunes\Rune.java --> www.tomargames.com /usr44/home/mbaldys/public_html/tmRunes Rune.java
104.12.04 22:39 B C:\JRun\servers\default\default-app\ToMar2004\tmRunes\Runes.class --> www.tomargames.com /usr44/home/mbaldys/public_html/tmRunes Runes.class
104.12.04 22:39 B C:\JRun\servers\default\default-app\ToMar2004\tmRunes\runes.html --> www.tomargames.com /usr44/home/mbaldys/public_html/tmRunes runes.html
104.12.04 22:39 B C:\JRun\servers\default\default-app\ToMar2004\tmRunes\runes.html.bak --> www.tomargames.com /usr44/home/mbaldys/public_html/tmRunes runes.html.bak
104.12.04 22:39 B C:\JRun\servers\default\default-app\ToMar2004\tmRunes\Runes.java --> www.tomargames.com /usr44/home/mbaldys/public_html/tmRunes Runes.java
104.12.04 22:39 B C:\JRun\servers\default\default-app\ToMar2004\tmRunes\runes.jsp --> www.tomargames.com /usr44/home/mbaldys/public_html/tmRunes runes.jsp
104.12.04 22:39 B C:\JRun\servers\default\default-app\ToMar2004\tmRunes\runes.jsp.bak --> www.tomargames.com /usr44/home/mbaldys/public_html/tmRunes runes.jsp.bak
104.12.04 22:39 B C:\JRun\servers\default\default-app\ToMar2004\tmRunes\runesFrame.html --> www.tomargames.com /usr44/home/mbaldys/public_html/tmRunes runesFrame.html
104.12.04 22:39 B C:\JRun\servers\default\default-app\ToMar2004\tmRunes\runesFrame.html.bak --> www.tomargames.com /usr44/home/mbaldys/public_html/tmRunes runesFrame.html.bak
104.12.04 22:39 B C:\JRun\servers\default\default-app\ToMar2004\tmRunes\runesHelp.html --> www.tomargames.com /usr44/home/mbaldys/public_html/tmRunes runesHelp.html
104.12.04 22:39 B C:\JRun\servers\default\default-app\ToMar2004\tmRunes\tmRunes.sln --> www.tomargames.com /usr44/home/mbaldys/public_html/tmRunes tmRunes.sln
104.12.04 22:39 B C:\JRun\servers\default\default-app\ToMar2004\tmRunes\tmRunes.suo --> www.tomargames.com /usr44/home/mbaldys/public_html/tmRunes tmRunes.suo
104.12.04 22:39 B C:\JRun\servers\default\default-app\ToMar2004\tmRunes\tmRunes.vjp --> www.tomargames.com /usr44/home/mbaldys/public_html/tmRunes tmRunes.vjp
104.12.04 22:39 B C:\JRun\servers\default\default-app\ToMar2004\tmRunes\ToMarUtils.class --> www.tomargames.com /usr44/home/mbaldys/public_html/tmRunes ToMarUtils.class
104.12.04 22:39 B C:\JRun\servers\default\default-app\ToMar2004\tmRunes\ToMarUtils.java --> www.tomargames.com /usr44/home/mbaldys/public_html/tmRunes ToMarUtils.java
104.12.04 22:39 B C:\JRun\servers\default\default-app\ToMar2004\tmRunes\WasteCan.class --> www.tomargames.com /usr44/home/mbaldys/public_html/tmRunes WasteCan.class
104.12.04 22:39 B C:\JRun\servers\default\default-app\ToMar2004\tmRunes\WasteCan.java --> www.tomargames.com /usr44/home/mbaldys/public_html/tmRunes WasteCan.java
104.12.04 22:39 B C:\JRun\servers\default\default-app\ToMar2004\tmRunes\WS_FTP.LOG --> www.tomargames.com /usr44/home/mbaldys/public_html/tmRunes WS_FTP.LOG
105.03.12 23:33 B C:\JRun\servers\default\default-app\ToMar2004\tmRunes\WasteCan.class --> www.tomargames.com /usr44/home/mbaldys/public_html/tmRunes WasteCan.class
105.03.12 23:33 B C:\JRun\servers\default\default-app\ToMar2004\tmRunes\ToMarUtils.class --> www.tomargames.com /usr44/home/mbaldys/public_html/tmRunes ToMarUtils.class
105.03.12 23:34 B C:\JRun\servers\default\default-app\ToMar2004\tmRunes\Runes.java --> www.tomargames.com /usr44/home/mbaldys/public_html/tmRunes Runes.java
105.03.12 23:34 B C:\JRun\servers\default\default-app\ToMar2004\tmRunes\Runes.class --> www.tomargames.com /usr44/home/mbaldys/public_html/tmRunes Runes.class
105.03.12 23:34 B C:\JRun\servers\default\default-app\ToMar2004\tmRunes\Rune.java --> www.tomargames.com /usr44/home/mbaldys/public_html/tmRunes Rune.java
105.03.12 23:34 B C:\JRun\servers\default\default-app\ToMar2004\tmRunes\Rune.class --> www.tomargames.com /usr44/home/mbaldys/public_html/tmRunes Rune.class
105.03.12 23:34 B C:\JRun\servers\default\default-app\ToMar2004\tmRunes\Cell.class --> www.tomargames.com /usr44/home/mbaldys/public_html/tmRunes Cell.class
105.03.12 23:34 B C:\JRun\servers\default\default-app\ToMar2004\tmRunes\ToMarUtils.java --> www.tomargames.com /usr44/home/mbaldys/public_html/tmRunes ToMarUtils.java
105.03.12 23:34 B C:\JRun\servers\default\default-app\ToMar2004\tmRunes\codebase.dat --> www.tomargames.com /usr44/home/mbaldys/public_html/tmRunes codebase.dat
105.03.12 23:34 B C:\JRun\servers\default\default-app\ToMar2004\tmRunes\runes.jsp --> www.tomargames.com /usr44/home/mbaldys/public_html/tmRunes runes.jsp
105.03.12 23:34 B C:\JRun\servers\default\default-app\ToMar2004\tmRunes\tmRunes.suo --> www.tomargames.com /usr44/home/mbaldys/public_html/tmRunes tmRunes.suo
105.03.12 23:34 B C:\JRun\servers\default\default-app\ToMar2004\tmRunes\WS_FTP.LOG --> www.tomargames.com /usr44/home/mbaldys/public_html/tmRunes WS_FTP.LOG
105.03.12 23:34 B C:\JRun\servers\default\default-app\ToMar2004\tmRunes\tmRunes.vjp --> www.tomargames.com /usr44/home/mbaldys/public_html/tmRunes tmRunes.vjp
105.03.12 23:34 B C:\JRun\servers\default\default-app\ToMar2004\tmRunes\tmRunes.sln --> www.tomargames.com /usr44/home/mbaldys/public_html/tmRunes tmRunes.sln
105.03.12 23:34 B C:\JRun\servers\default\default-app\ToMar2004\tmRunes\runes.html --> www.tomargames.com /usr44/home/mbaldys/public_html/tmRunes runes.html
105.03.12 23:34 B C:\JRun\servers\default\default-app\ToMar2004\tmRunes\.project --> www.tomargames.com /usr44/home/mbaldys/public_html/tmRunes .project
105.03.12 23:34 B C:\JRun\servers\default\default-app\ToMar2004\tmRunes\.classpath --> www.tomargames.com /usr44/home/mbaldys/public_html/tmRunes .classpath
105.03.12 23:34 B C:\JRun\servers\default\default-app\ToMar2004\tmRunes\runes.html.bak --> www.tomargames.com /usr44/home/mbaldys/public_html/tmRunes runes.html.bak
105.03.12 23:34 B C:\JRun\servers\default\default-app\ToMar2004\tmRunes\runes.jsp.bak --> www.tomargames.com /usr44/home/mbaldys/public_html/tmRunes runes.jsp.bak
105.03.12 23:34 B C:\JRun\servers\default\default-app\ToMar2004\tmRunes\runesFrame.html --> www.tomargames.com /usr44/home/mbaldys/public_html/tmRunes runesFrame.html
105.03.12 23:34 B C:\JRun\servers\default\default-app\ToMar2004\tmRunes\runesHelp.html --> www.tomargames.com /usr44/home/mbaldys/public_html/tmRunes runesHelp.html
105.03.12 23:34 B C:\JRun\servers\default\default-app\ToMar2004\tmRunes\WasteCan.java --> www.tomargames.com /usr44/home/mbaldys/public_html/tmRunes WasteCan.java
105.03.12 23:34 B C:\JRun\servers\default\default-app\ToMar2004\tmRunes\Cell.java --> www.tomargames.com /usr44/home/mbaldys/public_html/tmRunes Cell.java
105.03.12 23:34 B C:\JRun\servers\default\default-app\ToMar2004\tmRunes\runesFrame.html.bak --> www.tomargames.com /usr44/home/mbaldys/public_html/tmRunes runesFrame.html.bak
105.05.27 22:38 B C:\JRun\servers\default\default-app\ToMar2004\tmRunes\runesHelp.html --> www.tomargames.com /usr44/home/mbaldys/public_html/tmRunes runesHelp.html
105.05.27 22:38 B C:\JRun\servers\default\default-app\ToMar2004\tmRunes\WasteCan.class --> www.tomargames.com /usr44/home/mbaldys/public_html/tmRunes WasteCan.class
105.05.27 22:38 B C:\JRun\servers\default\default-app\ToMar2004\tmRunes\ToMarUtils.class --> www.tomargames.com /usr44/home/mbaldys/public_html/tmRunes ToMarUtils.class
105.05.27 22:38 B C:\JRun\servers\default\default-app\ToMar2004\tmRunes\Runes.java --> www.tomargames.com /usr44/home/mbaldys/public_html/tmRunes Runes.java
105.05.27 22:38 B C:\JRun\servers\default\default-app\ToMar2004\tmRunes\Runes.class --> www.tomargames.com /usr44/home/mbaldys/public_html/tmRunes Runes.class
105.05.27 22:38 B C:\JRun\servers\default\default-app\ToMar2004\tmRunes\Rune.class --> www.tomargames.com /usr44/home/mbaldys/public_html/tmRunes Rune.class
105.05.27 22:38 B C:\JRun\servers\default\default-app\ToMar2004\tmRunes\Cell.class --> www.tomargames.com /usr44/home/mbaldys/public_html/tmRunes Cell.class
105.05.27 22:38 B C:\JRun\servers\default\default-app\ToMar2004\tmRunes\codebase.dat --> www.tomargames.com /usr44/home/mbaldys/public_html/tmRunes codebase.dat
105.05.27 22:38 B C:\JRun\servers\default\default-app\ToMar2004\tmRunes\ToMarUtils.java --> www.tomargames.com /usr44/home/mbaldys/public_html/tmRunes ToMarUtils.java
105.05.27 22:38 B C:\JRun\servers\default\default-app\ToMar2004\tmRunes\tmRunes.suo --> www.tomargames.com /usr44/home/mbaldys/public_html/tmRunes tmRunes.suo
105.05.27 22:38 B C:\JRun\servers\default\default-app\ToMar2004\tmRunes\WS_FTP.LOG --> www.tomargames.com /usr44/home/mbaldys/public_html/tmRunes WS_FTP.LOG
105.05.27 22:38 B C:\JRun\servers\default\default-app\ToMar2004\tmRunes\Rune.java --> www.tomargames.com /usr44/home/mbaldys/public_html/tmRunes Rune.java
105.05.27 22:38 B C:\JRun\servers\default\default-app\ToMar2004\tmRunes\runes.jsp --> www.tomargames.com /usr44/home/mbaldys/public_html/tmRunes runes.jsp
105.05.27 22:38 B C:\JRun\servers\default\default-app\ToMar2004\tmRunes\tmRunes.vjp --> www.tomargames.com /usr44/home/mbaldys/public_html/tmRunes tmRunes.vjp
105.05.27 22:38 B C:\JRun\servers\default\default-app\ToMar2004\tmRunes\tmRunes.sln --> www.tomargames.com /usr44/home/mbaldys/public_html/tmRunes tmRunes.sln
105.05.27 22:38 B C:\JRun\servers\default\default-app\ToMar2004\tmRunes\runes.html --> www.tomargames.com /usr44/home/mbaldys/public_html/tmRunes runes.html
105.05.27 22:38 B C:\JRun\servers\default\default-app\ToMar2004\tmRunes\.project --> www.tomargames.com /usr44/home/mbaldys/public_html/tmRunes .project
105.05.27 22:38 B C:\JRun\servers\default\default-app\ToMar2004\tmRunes\.classpath --> www.tomargames.com /usr44/home/mbaldys/public_html/tmRunes .classpath
105.05.27 22:38 B C:\JRun\servers\default\default-app\ToMar2004\tmRunes\runes.html.bak --> www.tomargames.com /usr44/home/mbaldys/public_html/tmRunes runes.html.bak
105.05.27 22:39 B C:\JRun\servers\default\default-app\ToMar2004\tmRunes\runes.jsp.bak --> www.tomargames.com /usr44/home/mbaldys/public_html/tmRunes runes.jsp.bak
105.05.27 22:39 B C:\JRun\servers\default\default-app\ToMar2004\tmRunes\runesFrame.html --> www.tomargames.com /usr44/home/mbaldys/public_html/tmRunes runesFrame.html
105.05.27 22:39 B C:\JRun\servers\default\default-app\ToMar2004\tmRunes\runesHelp.html.bak --> www.tomargames.com /usr44/home/mbaldys/public_html/tmRunes runesHelp.html.bak
105.05.27 22:39 B C:\JRun\servers\default\default-app\ToMar2004\tmRunes\WasteCan.java --> www.tomargames.com /usr44/home/mbaldys/public_html/tmRunes WasteCan.java
105.05.27 22:39 B C:\JRun\servers\default\default-app\ToMar2004\tmRunes\Cell.java --> www.tomargames.com /usr44/home/mbaldys/public_html/tmRunes Cell.java
105.05.27 22:39 B C:\JRun\servers\default\default-app\ToMar2004\tmRunes\runesFrame.html.bak --> www.tomargames.com /usr44/home/mbaldys/public_html/tmRunes runesFrame.html.bak
105.07.03 21:16 B C:\Program Files\Apache Software Foundation\Tomcat 5.5\webapps\tomargames\tmRunes\runes.jsp --> www.tomargames.com /usr44/home/mbaldys/public_html/tmRunes runes.jsp
107.04.04 13:02 B C:\Program Files\Apache Software Foundation\Tomcat 5.5\webapps\tomargames\tmRunes\runes.jsp --> www.tomargames.com /usr44/home/mbaldys/public_html/tmRunes runes.jsp
107.04.15 23:06 B C:\Program Files\Apache Software Foundation\Tomcat 5.5\webapps\tomargames\tmRunes\.classpath --> www.tomargames.com /usr44/home/mbaldys/public_html/tmRunes .classpath
107.04.15 23:06 B C:\Program Files\Apache Software Foundation\Tomcat 5.5\webapps\tomargames\tmRunes\.project --> www.tomargames.com /usr44/home/mbaldys/public_html/tmRunes .project
107.04.15 23:06 B C:\Program Files\Apache Software Foundation\Tomcat 5.5\webapps\tomargames\tmRunes\Cell.class --> www.tomargames.com /usr44/home/mbaldys/public_html/tmRunes Cell.class
107.04.15 23:06 B C:\Program Files\Apache Software Foundation\Tomcat 5.5\webapps\tomargames\tmRunes\Cell.java --> www.tomargames.com /usr44/home/mbaldys/public_html/tmRunes Cell.java
107.04.15 23:06 B C:\Program Files\Apache Software Foundation\Tomcat 5.5\webapps\tomargames\tmRunes\codebase.dat --> www.tomargames.com /usr44/home/mbaldys/public_html/tmRunes codebase.dat
107.04.15 23:06 B C:\Program Files\Apache Software Foundation\Tomcat 5.5\webapps\tomargames\tmRunes\common.html --> www.tomargames.com /usr44/home/mbaldys/public_html/tmRunes common.html
107.04.15 23:06 B C:\Program Files\Apache Software Foundation\Tomcat 5.5\webapps\tomargames\tmRunes\common.jsp.bak --> www.tomargames.com /usr44/home/mbaldys/public_html/tmRunes common.jsp.bak
107.04.15 23:06 B C:\Program Files\Apache Software Foundation\Tomcat 5.5\webapps\tomargames\tmRunes\Rune.class --> www.tomargames.com /usr44/home/mbaldys/public_html/tmRunes Rune.class
107.04.15 23:06 B C:\Program Files\Apache Software Foundation\Tomcat 5.5\webapps\tomargames\tmRunes\Rune.java --> www.tomargames.com /usr44/home/mbaldys/public_html/tmRunes Rune.java
107.04.15 23:06 B C:\Program Files\Apache Software Foundation\Tomcat 5.5\webapps\tomargames\tmRunes\Runes.class --> www.tomargames.com /usr44/home/mbaldys/public_html/tmRunes Runes.class
107.04.15 23:06 B C:\Program Files\Apache Software Foundation\Tomcat 5.5\webapps\tomargames\tmRunes\runes.html --> www.tomargames.com /usr44/home/mbaldys/public_html/tmRunes runes.html
107.04.15 23:06 B C:\Program Files\Apache Software Foundation\Tomcat 5.5\webapps\tomargames\tmRunes\runes.html.bak --> www.tomargames.com /usr44/home/mbaldys/public_html/tmRunes runes.html.bak
107.04.15 23:06 B C:\Program Files\Apache Software Foundation\Tomcat 5.5\webapps\tomargames\tmRunes\Runes.java --> www.tomargames.com /usr44/home/mbaldys/public_html/tmRunes Runes.java
107.04.15 23:06 B C:\Program Files\Apache Software Foundation\Tomcat 5.5\webapps\tomargames\tmRunes\runes.jsp --> www.tomargames.com /usr44/home/mbaldys/public_html/tmRunes runes.jsp
107.04.15 23:06 B C:\Program Files\Apache Software Foundation\Tomcat 5.5\webapps\tomargames\tmRunes\runes.jsp.bak --> www.tomargames.com /usr44/home/mbaldys/public_html/tmRunes runes.jsp.bak
107.04.15 23:06 B C:\Program Files\Apache Software Foundation\Tomcat 5.5\webapps\tomargames\tmRunes\runesFrame.html --> www.tomargames.com /usr44/home/mbaldys/public_html/tmRunes runesFrame.html
107.04.15 23:06 B C:\Program Files\Apache Software Foundation\Tomcat 5.5\webapps\tomargames\tmRunes\runesFrame.html.bak --> www.tomargames.com /usr44/home/mbaldys/public_html/tmRunes runesFrame.html.bak
107.04.15 23:06 B C:\Program Files\Apache Software Foundation\Tomcat 5.5\webapps\tomargames\tmRunes\runesHelp.html --> www.tomargames.com /usr44/home/mbaldys/public_html/tmRunes runesHelp.html
107.04.15 23:06 B C:\Program Files\Apache Software Foundation\Tomcat 5.5\webapps\tomargames\tmRunes\runesHelp.html.bak --> www.tomargames.com /usr44/home/mbaldys/public_html/tmRunes runesHelp.html.bak
107.04.15 23:06 B C:\Program Files\Apache Software Foundation\Tomcat 5.5\webapps\tomargames\tmRunes\tmRunes.sln --> www.tomargames.com /usr44/home/mbaldys/public_html/tmRunes tmRunes.sln
107.04.15 23:06 B C:\Program Files\Apache Software Foundation\Tomcat 5.5\webapps\tomargames\tmRunes\tmRunes.suo --> www.tomargames.com /usr44/home/mbaldys/public_html/tmRunes tmRunes.suo
107.04.15 23:06 B C:\Program Files\Apache Software Foundation\Tomcat 5.5\webapps\tomargames\tmRunes\tmRunes.vjp --> www.tomargames.com /usr44/home/mbaldys/public_html/tmRunes tmRunes.vjp
107.04.15 23:06 B C:\Program Files\Apache Software Foundation\Tomcat 5.5\webapps\tomargames\tmRunes\ToMarUtils.class --> www.tomargames.com /usr44/home/mbaldys/public_html/tmRunes ToMarUtils.class
107.04.15 23:06 B C:\Program Files\Apache Software Foundation\Tomcat 5.5\webapps\tomargames\tmRunes\ToMarUtils.java --> www.tomargames.com /usr44/home/mbaldys/public_html/tmRunes ToMarUtils.java
107.04.15 23:06 B C:\Program Files\Apache Software Foundation\Tomcat 5.5\webapps\tomargames\tmRunes\WasteCan.class --> www.tomargames.com /usr44/home/mbaldys/public_html/tmRunes WasteCan.class
107.04.15 23:06 B C:\Program Files\Apache Software Foundation\Tomcat 5.5\webapps\tomargames\tmRunes\WasteCan.java --> www.tomargames.com /usr44/home/mbaldys/public_html/tmRunes WasteCan.java
107.04.15 23:06 B C:\Program Files\Apache Software Foundation\Tomcat 5.5\webapps\tomargames\tmRunes\WS_FTP.LOG --> www.tomargames.com /usr44/home/mbaldys/public_html/tmRunes WS_FTP.LOG
107.07.14 14:10 B C:\Program Files\Apache Software Foundation\Tomcat 5.5\webapps\tomargames\tmRUNE\.classpath --> www.tomargames.com /usr44/home/mbaldys/public_html/tmRUNE .classpath
107.07.14 14:10 B C:\Program Files\Apache Software Foundation\Tomcat 5.5\webapps\tomargames\tmRUNE\.project --> www.tomargames.com /usr44/home/mbaldys/public_html/tmRUNE .project
107.07.14 14:10 B C:\Program Files\Apache Software Foundation\Tomcat 5.5\webapps\tomargames\tmRUNE\app.html --> www.tomargames.com /usr44/home/mbaldys/public_html/tmRUNE app.html
107.07.14 14:10 B C:\Program Files\Apache Software Foundation\Tomcat 5.5\webapps\tomargames\tmRUNE\app.html.bak --> www.tomargames.com /usr44/home/mbaldys/public_html/tmRUNE app.html.bak
107.07.14 14:10 B C:\Program Files\Apache Software Foundation\Tomcat 5.5\webapps\tomargames\tmRUNE\app.jsp --> www.tomargames.com /usr44/home/mbaldys/public_html/tmRUNE app.jsp
107.07.14 14:10 B C:\Program Files\Apache Software Foundation\Tomcat 5.5\webapps\tomargames\tmRUNE\app.jsp.bak --> www.tomargames.com /usr44/home/mbaldys/public_html/tmRUNE app.jsp.bak
107.07.14 14:10 B C:\Program Files\Apache Software Foundation\Tomcat 5.5\webapps\tomargames\tmRUNE\Cell.class --> www.tomargames.com /usr44/home/mbaldys/public_html/tmRUNE Cell.class
107.07.14 14:10 B C:\Program Files\Apache Software Foundation\Tomcat 5.5\webapps\tomargames\tmRUNE\Cell.java --> www.tomargames.com /usr44/home/mbaldys/public_html/tmRUNE Cell.java
107.07.14 14:10 B C:\Program Files\Apache Software Foundation\Tomcat 5.5\webapps\tomargames\tmRUNE\frame.jsp --> www.tomargames.com /usr44/home/mbaldys/public_html/tmRUNE frame.jsp
107.07.14 14:10 B C:\Program Files\Apache Software Foundation\Tomcat 5.5\webapps\tomargames\tmRUNE\frame.jsp.bak --> www.tomargames.com /usr44/home/mbaldys/public_html/tmRUNE frame.jsp.bak
107.07.14 14:10 B C:\Program Files\Apache Software Foundation\Tomcat 5.5\webapps\tomargames\tmRUNE\help.html --> www.tomargames.com /usr44/home/mbaldys/public_html/tmRUNE help.html
107.07.14 14:10 B C:\Program Files\Apache Software Foundation\Tomcat 5.5\webapps\tomargames\tmRUNE\Rune.class --> www.tomargames.com /usr44/home/mbaldys/public_html/tmRUNE Rune.class
107.07.14 14:10 B C:\Program Files\Apache Software Foundation\Tomcat 5.5\webapps\tomargames\tmRUNE\Rune.java --> www.tomargames.com /usr44/home/mbaldys/public_html/tmRUNE Rune.java
107.07.14 14:10 B C:\Program Files\Apache Software Foundation\Tomcat 5.5\webapps\tomargames\tmRUNE\Runes.class --> www.tomargames.com /usr44/home/mbaldys/public_html/tmRUNE Runes.class
107.07.14 14:10 B C:\Program Files\Apache Software Foundation\Tomcat 5.5\webapps\tomargames\tmRUNE\Runes.java --> www.tomargames.com /usr44/home/mbaldys/public_html/tmRUNE Runes.java
107.07.14 14:10 B C:\Program Files\Apache Software Foundation\Tomcat 5.5\webapps\tomargames\tmRUNE\ToMarUtils.class --> www.tomargames.com /usr44/home/mbaldys/public_html/tmRUNE ToMarUtils.class
107.07.14 14:10 B C:\Program Files\Apache Software Foundation\Tomcat 5.5\webapps\tomargames\tmRUNE\ToMarUtils.java --> www.tomargames.com /usr44/home/mbaldys/public_html/tmRUNE ToMarUtils.java
107.07.14 14:10 B C:\Program Files\Apache Software Foundation\Tomcat 5.5\webapps\tomargames\tmRUNE\WasteCan.class --> www.tomargames.com /usr44/home/mbaldys/public_html/tmRUNE WasteCan.class
107.07.14 14:10 B C:\Program Files\Apache Software Foundation\Tomcat 5.5\webapps\tomargames\tmRUNE\WasteCan.java --> www.tomargames.com /usr44/home/mbaldys/public_html/tmRUNE WasteCan.java
107.07.14 14:10 B C:\Program Files\Apache Software Foundation\Tomcat 5.5\webapps\tomargames\tmRUNE\WS_FTP.LOG --> www.tomargames.com /usr44/home/mbaldys/public_html/tmRUNE WS_FTP.LOG
